<?xml version="1.0" encoding="utf-8"?>
<testsuite errors="0" failures="1" name="mypy" skips="0" tests="1" time="0.867">
  <testcase classname="mypy" file="mypy" line="1" name="mypy-py3_13-darwin" time="0.867">
    <failure message="mypy produced messages">app/core/ai_system.py:32: error: Skipping analyzing "mediapipe": module is installed, but missing library stubs or py.typed marker  [import-untyped]
app/core/ai_system.py:32: note: See https://mypy.readthedocs.io/en/stable/running_mypy.html#missing-imports</failure>
  </testcase>
</testsuite>
